{"uuid":"014d87a1-a623-4d68-be74-6430109aff86","historyId":"717b32578f27a2aee48f3e592d222416","testCaseId":"[engine:junit-jupiter]/[class:com.example.demo.ProductPageTest]/[method:testNavigateButton()]","testCaseName":"testNavigateButton()","fullName":"com.example.demo.ProductPageTest.testNavigateButton","labels":[{"name":"junit.platform.uniqueid","value":"[engine:junit-jupiter]/[class:com.example.demo.ProductPageTest]/[method:testNavigateButton()]"},{"name":"host","value":"DESKTOP-Q8KU3H0"},{"name":"thread","value":"15992@DESKTOP-Q8KU3H0.Test worker(1)"},{"name":"framework","value":"junit-platform"},{"name":"language","value":"java"},{"name":"package","value":"com.example.demo.ProductPageTest"},{"name":"testClass","value":"com.example.demo.ProductPageTest"},{"name":"testMethod","value":"testNavigateButton"},{"name":"suite","value":"com.example.demo.ProductPageTest"}],"links":[],"name":"testNavigateButton()","status":"failed","statusDetails":{"known":false,"muted":false,"flaky":false,"message":"Invalid element state [.Button-module__root--enpNU.MarketItemCardShopInfo__buttonGoToShop]: element click intercepted: Element <a href=\"/uslugi-225299895?screen=market_item\" target=\"_blank\" class=\"Button-module__root--enpNU MarketItemCardShopInfo__buttonGoToShop vkuiButton vkuiButton--size-s vkuiButton--mode-secondary vkuiButton--appearance-accent vkuiButton--align-center vkuiTappable vkuiInternalTappable vkuiTappable--hasHover vkuiTappable--hasActive vkui-focus-visible\">...</a> is not clickable at point (889, 691). Other element would receive the click: <div class=\"PageBottomBanner__in\">...</div>\r\nScreenshot: file:/C:/Users/semen/OneDrive/Документы/GitHub/test_pero/build/reports/tests/1715096934596.0.png\r\nPage source: file:/C:/Users/semen/OneDrive/Документы/GitHub/test_pero/build/reports/tests/1715096934596.0.html\r\nTimeout: 4 s.\r\nCaused by: ElementClickInterceptedException: element click intercepted: Element <a href=\"/uslugi-225299895?screen=market_item\" target=\"_blank\" class=\"Button-module__root--enpNU MarketItemCardShopInfo__buttonGoToShop vkuiButton vkuiButton--size-s vkuiButton--mode-secondary vkuiButton--appearance-accent vkuiButton--align-center vkuiTappable vkuiInternalTappable vkuiTappable--hasHover vkuiTappable--hasActive vkui-focus-visible\">...</a> is not clickable at point (889, 691). Other element would receive the click: <div class=\"PageBottomBanner__in\">...</div>","trace":"Invalid element state [.Button-module__root--enpNU.MarketItemCardShopInfo__buttonGoToShop]: element click intercepted: Element <a href=\"/uslugi-225299895?screen=market_item\" target=\"_blank\" class=\"Button-module__root--enpNU MarketItemCardShopInfo__buttonGoToShop vkuiButton vkuiButton--size-s vkuiButton--mode-secondary vkuiButton--appearance-accent vkuiButton--align-center vkuiTappable vkuiInternalTappable vkuiTappable--hasHover vkuiTappable--hasActive vkui-focus-visible\">...</a> is not clickable at point (889, 691). Other element would receive the click: <div class=\"PageBottomBanner__in\">...</div>\r\nScreenshot: file:/C:/Users/semen/OneDrive/Документы/GitHub/test_pero/build/reports/tests/1715096934596.0.png\r\nPage source: file:/C:/Users/semen/OneDrive/Документы/GitHub/test_pero/build/reports/tests/1715096934596.0.html\r\nTimeout: 4 s.\r\nCaused by: ElementClickInterceptedException: element click intercepted: Element <a href=\"/uslugi-225299895?screen=market_item\" target=\"_blank\" class=\"Button-module__root--enpNU MarketItemCardShopInfo__buttonGoToShop vkuiButton vkuiButton--size-s vkuiButton--mode-secondary vkuiButton--appearance-accent vkuiButton--align-center vkuiTappable vkuiInternalTappable vkuiTappable--hasHover vkuiTappable--hasActive vkui-focus-visible\">...</a> is not clickable at point (889, 691). Other element would receive the click: <div class=\"PageBottomBanner__in\">...</div>\r\n\tat com.codeborne.selenide.impl.ExceptionWrapper.wrap(ExceptionWrapper.java:26)\r\n\tat com.codeborne.selenide.impl.SelenideElementProxy.dispatchAndRetry(SelenideElementProxy.java:154)\r\n\tat com.codeborne.selenide.impl.SelenideElementProxy.invoke(SelenideElementProxy.java:84)\r\n\tat jdk.proxy3/jdk.proxy3.$Proxy17.click(Unknown Source)\r\n\tat com.example.demo.ProductPageTest.testNavigateButton(ProductPageTest.java:35)\r\n\tat java.base/java.lang.reflect.Method.invoke(Method.java:568)\r\n\tat java.base/java.util.ArrayList.forEach(ArrayList.java:1511)\r\n\tat java.base/java.util.ArrayList.forEach(ArrayList.java:1511)\r\nCaused by: org.openqa.selenium.ElementClickInterceptedException: element click intercepted: Element <a href=\"/uslugi-225299895?screen=market_item\" target=\"_blank\" class=\"Button-module__root--enpNU MarketItemCardShopInfo__buttonGoToShop vkuiButton vkuiButton--size-s vkuiButton--mode-secondary vkuiButton--appearance-accent vkuiButton--align-center vkuiTappable vkuiInternalTappable vkuiTappable--hasHover vkuiTappable--hasActive vkui-focus-visible\">...</a> is not clickable at point (889, 691). Other element would receive the click: <div class=\"PageBottomBanner__in\">...</div>\n  (Session info: chrome=124.0.6367.119)\nBuild info: version: '4.13.0', revision: 'ba948ece5b*'\nSystem info: os.name: 'Windows 10', os.arch: 'amd64', os.version: '10.0', java.version: '17.0.10'\nDriver info: org.openqa.selenium.chrome.ChromeDriver\nCommand: [dcfa47c0808aa47cd707be4d0da389a1, clickElement {id=f.80535726402B9A76B007CBBC589640A3.d.ABD1BE3B01E8BA97229E33D6F7A98A1A.e.31}]\nCapabilities {acceptInsecureCerts: true, browserName: chrome, browserVersion: 124.0.6367.119, chrome: {chromedriverVersion: 124.0.6367.91 (51df0e5e17a8..., userDataDir: C:\\Users\\semen\\AppData\\Loca...}, fedcm:accounts: true, goog:chromeOptions: {debuggerAddress: localhost:54894}, networkConnectionEnabled: false, pageLoadStrategy: normal, platformName: windows, proxy: Proxy(), se:cdp: ws://localhost:54894/devtoo..., se:cdpVersion: 124.0.6367.119, setWindowRect: true, strictFileInteractability: false, timeouts: {implicit: 0, pageLoad: 300000, script: 30000}, unhandledPromptBehavior: accept, webauthn:extension:credBlob: true, webauthn:extension:largeBlob: true, webauthn:extension:minPinLength: true, webauthn:extension:prf: true, webauthn:virtualAuthenticators: true}\nElement: [[ChromeDriver: chrome on windows (dcfa47c0808aa47cd707be4d0da389a1)] -> css selector: .Button-module__root--enpNU.MarketItemCardShopInfo__buttonGoToShop]\nSession ID: dcfa47c0808aa47cd707be4d0da389a1\r\n\tat java.base/jdk.internal.reflect.NativeConstructorAccessorImpl.newInstance0(Native Method)\r\n\tat java.base/jdk.internal.reflect.NativeConstructorAccessorImpl.newInstance(NativeConstructorAccessorImpl.java:77)\r\n\tat java.base/jdk.internal.reflect.DelegatingConstructorAccessorImpl.newInstance(DelegatingConstructorAccessorImpl.java:45)\r\n\tat java.base/java.lang.reflect.Constructor.newInstanceWithCaller(Constructor.java:499)\r\n\tat java.base/java.lang.reflect.Constructor.newInstance(Constructor.java:480)\r\n\tat org.openqa.selenium.remote.codec.w3c.W3CHttpResponseCodec.createException(W3CHttpResponseCodec.java:200)\r\n\tat org.openqa.selenium.remote.codec.w3c.W3CHttpResponseCodec.decode(W3CHttpResponseCodec.java:133)\r\n\tat org.openqa.selenium.remote.codec.w3c.W3CHttpResponseCodec.decode(W3CHttpResponseCodec.java:52)\r\n\tat org.openqa.selenium.remote.HttpCommandExecutor.execute(HttpCommandExecutor.java:191)\r\n\tat org.openqa.selenium.remote.service.DriverCommandExecutor.invokeExecute(DriverCommandExecutor.java:196)\r\n\tat org.openqa.selenium.remote.service.DriverCommandExecutor.execute(DriverCommandExecutor.java:171)\r\n\tat org.openqa.selenium.remote.RemoteWebDriver.execute(RemoteWebDriver.java:602)\r\n\tat org.openqa.selenium.remote.RemoteWebElement.execute(RemoteWebElement.java:224)\r\n\tat org.openqa.selenium.remote.RemoteWebElement.click(RemoteWebElement.java:77)\r\n\tat com.codeborne.selenide.commands.Click.defaultClick(Click.java:97)\r\n\tat com.codeborne.selenide.commands.Click.click(Click.java:54)\r\n\tat com.codeborne.selenide.commands.Click.execute(Click.java:31)\r\n\tat com.codeborne.selenide.commands.Click.execute(Click.java:21)\r\n\tat com.codeborne.selenide.commands.Commands.execute(Commands.java:165)\r\n\tat com.codeborne.selenide.impl.SelenideElementProxy.dispatchAndRetry(SelenideElementProxy.java:132)\r\n\t... 6 more\r\n"},"stage":"finished","description":"","steps":[],"attachments":[],"parameters":[],"start":1715096923587,"stop":1715096934837}