{"uuid":"055b4bab-c61f-42cf-80af-946377596cbc","historyId":"41cd6a032fbe764419f2ad582f42f7ae","testCaseId":"[engine:junit-jupiter]/[class:tests.UnauthorizedMainPageTest]/[method:testShowAllRedirect()]","testCaseName":"Тест на редирект кнопки показать все","fullName":"tests.UnauthorizedMainPageTest.testShowAllRedirect","labels":[{"name":"junit.platform.uniqueid","value":"[engine:junit-jupiter]/[class:tests.UnauthorizedMainPageTest]/[method:testShowAllRedirect()]"},{"name":"host","value":"DESKTOP-Q8KU3H0"},{"name":"thread","value":"17832@DESKTOP-Q8KU3H0.Test worker(1)"},{"name":"framework","value":"junit-platform"},{"name":"language","value":"java"},{"name":"package","value":"tests.UnauthorizedMainPageTest"},{"name":"testClass","value":"tests.UnauthorizedMainPageTest"},{"name":"testMethod","value":"testShowAllRedirect"},{"name":"suite","value":"tests.UnauthorizedMainPageTest"}],"links":[],"name":"Тест на редирект кнопки показать все","status":"failed","statusDetails":{"known":false,"muted":false,"flaky":false,"message":"Invalid element state [.group-tab-buttons]: element click intercepted: Element <div class=\"group-tab-buttons\">...</div> is not clickable at point (525, 687). Other element would receive the click: <div class=\"PageBottomBanner__in\">...</div>\r\nScreenshot: file:/C:/Users/semen/OneDrive/Документы/GitHub/test_pero/build/reports/tests/1715187800849.0.png\r\nPage source: file:/C:/Users/semen/OneDrive/Документы/GitHub/test_pero/build/reports/tests/1715187800849.0.html\r\nTimeout: 4 s.\r\nCaused by: ElementClickInterceptedException: element click intercepted: Element <div class=\"group-tab-buttons\">...</div> is not clickable at point (525, 687). Other element would receive the click: <div class=\"PageBottomBanner__in\">...</div>","trace":"Invalid element state [.group-tab-buttons]: element click intercepted: Element <div class=\"group-tab-buttons\">...</div> is not clickable at point (525, 687). Other element would receive the click: <div class=\"PageBottomBanner__in\">...</div>\r\nScreenshot: file:/C:/Users/semen/OneDrive/Документы/GitHub/test_pero/build/reports/tests/1715187800849.0.png\r\nPage source: file:/C:/Users/semen/OneDrive/Документы/GitHub/test_pero/build/reports/tests/1715187800849.0.html\r\nTimeout: 4 s.\r\nCaused by: ElementClickInterceptedException: element click intercepted: Element <div class=\"group-tab-buttons\">...</div> is not clickable at point (525, 687). Other element would receive the click: <div class=\"PageBottomBanner__in\">...</div>\r\n\tat com.codeborne.selenide.impl.ExceptionWrapper.wrap(ExceptionWrapper.java:26)\r\n\tat com.codeborne.selenide.impl.SelenideElementProxy.dispatchAndRetry(SelenideElementProxy.java:154)\r\n\tat com.codeborne.selenide.impl.SelenideElementProxy.invoke(SelenideElementProxy.java:84)\r\n\tat jdk.proxy3/jdk.proxy3.$Proxy14.click(Unknown Source)\r\n\tat com.example.demo.pages.pages.pages.MainPage.clickShowAllButton(MainPage.java:24)\r\n\tat tests.UnauthorizedMainPageTest.testShowAllRedirect(UnauthorizedMainPageTest.java:42)\r\n\tat java.base/java.lang.reflect.Method.invoke(Method.java:568)\r\n\tat java.base/java.util.ArrayList.forEach(ArrayList.java:1511)\r\n\tat java.base/java.util.ArrayList.forEach(ArrayList.java:1511)\r\nCaused by: org.openqa.selenium.ElementClickInterceptedException: element click intercepted: Element <div class=\"group-tab-buttons\">...</div> is not clickable at point (525, 687). Other element would receive the click: <div class=\"PageBottomBanner__in\">...</div>\n  (Session info: chrome=124.0.6367.119)\nBuild info: version: '4.13.0', revision: 'ba948ece5b*'\nSystem info: os.name: 'Windows 10', os.arch: 'amd64', os.version: '10.0', java.version: '17.0.10'\nDriver info: org.openqa.selenium.chrome.ChromeDriver\nCommand: [a8b78d81b78b70735eb3cd0a89a73b94, clickElement {id=f.CF46E25D119E5C42B179C5D3615E20CA.d.82EAD3F686651516B4394142704D366E.e.28}]\nCapabilities {acceptInsecureCerts: true, browserName: chrome, browserVersion: 124.0.6367.119, chrome: {chromedriverVersion: 124.0.6367.155 (df4f029328b..., userDataDir: C:\\Users\\semen\\AppData\\Loca...}, fedcm:accounts: true, goog:chromeOptions: {debuggerAddress: localhost:62239}, networkConnectionEnabled: false, pageLoadStrategy: normal, platformName: windows, proxy: Proxy(), se:cdp: ws://localhost:62239/devtoo..., se:cdpVersion: 124.0.6367.119, setWindowRect: true, strictFileInteractability: false, timeouts: {implicit: 0, pageLoad: 300000, script: 30000}, unhandledPromptBehavior: accept, webauthn:extension:credBlob: true, webauthn:extension:largeBlob: true, webauthn:extension:minPinLength: true, webauthn:extension:prf: true, webauthn:virtualAuthenticators: true}\nElement: [[ChromeDriver: chrome on windows (a8b78d81b78b70735eb3cd0a89a73b94)] -> css selector: .group-tab-buttons]\nSession ID: a8b78d81b78b70735eb3cd0a89a73b94\r\n\tat java.base/jdk.internal.reflect.NativeConstructorAccessorImpl.newInstance0(Native Method)\r\n\tat java.base/jdk.internal.reflect.NativeConstructorAccessorImpl.newInstance(NativeConstructorAccessorImpl.java:77)\r\n\tat java.base/jdk.internal.reflect.DelegatingConstructorAccessorImpl.newInstance(DelegatingConstructorAccessorImpl.java:45)\r\n\tat java.base/java.lang.reflect.Constructor.newInstanceWithCaller(Constructor.java:499)\r\n\tat java.base/java.lang.reflect.Constructor.newInstance(Constructor.java:480)\r\n\tat org.openqa.selenium.remote.codec.w3c.W3CHttpResponseCodec.createException(W3CHttpResponseCodec.java:200)\r\n\tat org.openqa.selenium.remote.codec.w3c.W3CHttpResponseCodec.decode(W3CHttpResponseCodec.java:133)\r\n\tat org.openqa.selenium.remote.codec.w3c.W3CHttpResponseCodec.decode(W3CHttpResponseCodec.java:52)\r\n\tat org.openqa.selenium.remote.HttpCommandExecutor.execute(HttpCommandExecutor.java:191)\r\n\tat org.openqa.selenium.remote.service.DriverCommandExecutor.invokeExecute(DriverCommandExecutor.java:196)\r\n\tat org.openqa.selenium.remote.service.DriverCommandExecutor.execute(DriverCommandExecutor.java:171)\r\n\tat org.openqa.selenium.remote.RemoteWebDriver.execute(RemoteWebDriver.java:602)\r\n\tat org.openqa.selenium.remote.RemoteWebElement.execute(RemoteWebElement.java:224)\r\n\tat org.openqa.selenium.remote.RemoteWebElement.click(RemoteWebElement.java:77)\r\n\tat com.codeborne.selenide.commands.Click.defaultClick(Click.java:97)\r\n\tat com.codeborne.selenide.commands.Click.click(Click.java:54)\r\n\tat com.codeborne.selenide.commands.Click.execute(Click.java:31)\r\n\tat com.codeborne.selenide.commands.Click.execute(Click.java:21)\r\n\tat com.codeborne.selenide.commands.Commands.execute(Commands.java:165)\r\n\tat com.codeborne.selenide.impl.SelenideElementProxy.dispatchAndRetry(SelenideElementProxy.java:132)\r\n\t... 7 more\r\n"},"stage":"finished","description":"","steps":[],"attachments":[],"parameters":[],"start":1715187792000,"stop":1715187801106}