{"uuid":"deefa119-a4b9-402a-b421-639790c88792","historyId":"59171cd1d3f870badc78b5afc17d7f02","testCaseId":"[engine:junit-jupiter]/[class:com.example.demo.ProductPage]/[method:testClickWriteButton()]","testCaseName":"testClickWriteButton()","fullName":"com.example.demo.ProductPage.testClickWriteButton","labels":[{"name":"junit.platform.uniqueid","value":"[engine:junit-jupiter]/[class:com.example.demo.ProductPage]/[method:testClickWriteButton()]"},{"name":"host","value":"DESKTOP-Q8KU3H0"},{"name":"thread","value":"13448@DESKTOP-Q8KU3H0.Test worker(1)"},{"name":"framework","value":"junit-platform"},{"name":"language","value":"java"},{"name":"package","value":"com.example.demo.ProductPage"},{"name":"testClass","value":"com.example.demo.ProductPage"},{"name":"testMethod","value":"testClickWriteButton"},{"name":"suite","value":"com.example.demo.ProductPage"}],"links":[],"name":"testClickWriteButton()","status":"failed","statusDetails":{"known":false,"muted":false,"flaky":false,"message":"Invalid element state [.FlatButton__in]: element click intercepted: Element <span class=\"FlatButton__in\">...</span> is not clickable at point (1087, 16). Other element would receive the click: <a class=\"top_nav_link\" href=\"/join\" id=\"top_reg_link\" style=\"\" onclick=\"return !showBox('join.php', {act: 'box', from: nav.strLoc}, {}, event)\">...</a>\r\nScreenshot: file:/C:/Users/semen/OneDrive/Документы/GitHub/test_pero/build/reports/tests/1715099329427.0.png\r\nPage source: file:/C:/Users/semen/OneDrive/Документы/GitHub/test_pero/build/reports/tests/1715099329427.0.html\r\nTimeout: 4 s.\r\nCaused by: ElementClickInterceptedException: element click intercepted: Element <span class=\"FlatButton__in\">...</span> is not clickable at point (1087, 16). Other element would receive the click: <a class=\"top_nav_link\" href=\"/join\" id=\"top_reg_link\" style=\"\" onclick=\"return !showBox('join.php', {act: 'box', from: nav.strLoc}, {}, event)\">...</a>","trace":"Invalid element state [.FlatButton__in]: element click intercepted: Element <span class=\"FlatButton__in\">...</span> is not clickable at point (1087, 16). Other element would receive the click: <a class=\"top_nav_link\" href=\"/join\" id=\"top_reg_link\" style=\"\" onclick=\"return !showBox('join.php', {act: 'box', from: nav.strLoc}, {}, event)\">...</a>\r\nScreenshot: file:/C:/Users/semen/OneDrive/Документы/GitHub/test_pero/build/reports/tests/1715099329427.0.png\r\nPage source: file:/C:/Users/semen/OneDrive/Документы/GitHub/test_pero/build/reports/tests/1715099329427.0.html\r\nTimeout: 4 s.\r\nCaused by: ElementClickInterceptedException: element click intercepted: Element <span class=\"FlatButton__in\">...</span> is not clickable at point (1087, 16). Other element would receive the click: <a class=\"top_nav_link\" href=\"/join\" id=\"top_reg_link\" style=\"\" onclick=\"return !showBox('join.php', {act: 'box', from: nav.strLoc}, {}, event)\">...</a>\r\n\tat com.codeborne.selenide.impl.ExceptionWrapper.wrap(ExceptionWrapper.java:26)\r\n\tat com.codeborne.selenide.impl.SelenideElementProxy.dispatchAndRetry(SelenideElementProxy.java:154)\r\n\tat com.codeborne.selenide.impl.SelenideElementProxy.invoke(SelenideElementProxy.java:84)\r\n\tat jdk.proxy3/jdk.proxy3.$Proxy17.click(Unknown Source)\r\n\tat com.example.demo.ProductPage.testClickWriteButton(ProductPage.java:30)\r\n\tat java.base/java.lang.reflect.Method.invoke(Method.java:568)\r\n\tat java.base/java.util.ArrayList.forEach(ArrayList.java:1511)\r\n\tat java.base/java.util.ArrayList.forEach(ArrayList.java:1511)\r\nCaused by: org.openqa.selenium.ElementClickInterceptedException: element click intercepted: Element <span class=\"FlatButton__in\">...</span> is not clickable at point (1087, 16). Other element would receive the click: <a class=\"top_nav_link\" href=\"/join\" id=\"top_reg_link\" style=\"\" onclick=\"return !showBox('join.php', {act: 'box', from: nav.strLoc}, {}, event)\">...</a>\n  (Session info: chrome=124.0.6367.119)\nBuild info: version: '4.13.0', revision: 'ba948ece5b*'\nSystem info: os.name: 'Windows 10', os.arch: 'amd64', os.version: '10.0', java.version: '17.0.10'\nDriver info: org.openqa.selenium.chrome.ChromeDriver\nCommand: [e592a7825dea777ce0ea920f2b0f517d, clickElement {id=f.ACEA803E7F081989435872A36B125615.d.A1E1964FCEBFFA8EBB65EAB90221D28D.e.28}]\nCapabilities {acceptInsecureCerts: true, browserName: chrome, browserVersion: 124.0.6367.119, chrome: {chromedriverVersion: 124.0.6367.91 (51df0e5e17a8..., userDataDir: C:\\Users\\semen\\AppData\\Loca...}, fedcm:accounts: true, goog:chromeOptions: {debuggerAddress: localhost:57526}, networkConnectionEnabled: false, pageLoadStrategy: normal, platformName: windows, proxy: Proxy(), se:cdp: ws://localhost:57526/devtoo..., se:cdpVersion: 124.0.6367.119, setWindowRect: true, strictFileInteractability: false, timeouts: {implicit: 0, pageLoad: 300000, script: 30000}, unhandledPromptBehavior: accept, webauthn:extension:credBlob: true, webauthn:extension:largeBlob: true, webauthn:extension:minPinLength: true, webauthn:extension:prf: true, webauthn:virtualAuthenticators: true}\nElement: [[ChromeDriver: chrome on windows (e592a7825dea777ce0ea920f2b0f517d)] -> css selector: .FlatButton__in]\nSession ID: e592a7825dea777ce0ea920f2b0f517d\r\n\tat java.base/jdk.internal.reflect.NativeConstructorAccessorImpl.newInstance0(Native Method)\r\n\tat java.base/jdk.internal.reflect.NativeConstructorAccessorImpl.newInstance(NativeConstructorAccessorImpl.java:77)\r\n\tat java.base/jdk.internal.reflect.DelegatingConstructorAccessorImpl.newInstance(DelegatingConstructorAccessorImpl.java:45)\r\n\tat java.base/java.lang.reflect.Constructor.newInstanceWithCaller(Constructor.java:499)\r\n\tat java.base/java.lang.reflect.Constructor.newInstance(Constructor.java:480)\r\n\tat org.openqa.selenium.remote.codec.w3c.W3CHttpResponseCodec.createException(W3CHttpResponseCodec.java:200)\r\n\tat org.openqa.selenium.remote.codec.w3c.W3CHttpResponseCodec.decode(W3CHttpResponseCodec.java:133)\r\n\tat org.openqa.selenium.remote.codec.w3c.W3CHttpResponseCodec.decode(W3CHttpResponseCodec.java:52)\r\n\tat org.openqa.selenium.remote.HttpCommandExecutor.execute(HttpCommandExecutor.java:191)\r\n\tat org.openqa.selenium.remote.service.DriverCommandExecutor.invokeExecute(DriverCommandExecutor.java:196)\r\n\tat org.openqa.selenium.remote.service.DriverCommandExecutor.execute(DriverCommandExecutor.java:171)\r\n\tat org.openqa.selenium.remote.RemoteWebDriver.execute(RemoteWebDriver.java:602)\r\n\tat org.openqa.selenium.remote.RemoteWebElement.execute(RemoteWebElement.java:224)\r\n\tat org.openqa.selenium.remote.RemoteWebElement.click(RemoteWebElement.java:77)\r\n\tat com.codeborne.selenide.commands.Click.defaultClick(Click.java:97)\r\n\tat com.codeborne.selenide.commands.Click.click(Click.java:54)\r\n\tat com.codeborne.selenide.commands.Click.execute(Click.java:31)\r\n\tat com.codeborne.selenide.commands.Click.execute(Click.java:21)\r\n\tat com.codeborne.selenide.commands.Commands.execute(Commands.java:165)\r\n\tat com.codeborne.selenide.impl.SelenideElementProxy.dispatchAndRetry(SelenideElementProxy.java:132)\r\n\t... 6 more\r\n"},"stage":"finished","description":"","steps":[],"attachments":[],"parameters":[],"start":1715099319277,"stop":1715099329631}